[2025-09-18 23:07:16] [INFO] TicketService - Tickets loaded successfully. Total tickets: 5
[2025-09-18 23:07:16] [INFO] HelperUtils - Directories created or already exist: Base=C:\CMRL, Reports=C:\CMRL\Reports, QRTickets=C:\CMRL\QRTickets
[2025-09-18 23:07:16] [INFO] StationLoader - Creating new StationLoader instance...
[2025-09-18 23:07:16] [INFO] StationLoader - Loading stations from JSON file: C:\Users\ezhil\OneDrive\Ezhil_Cloud\Automation Studies\Current\CMRLConsoleApp/src/main/resources/Database/stations.json
[2025-09-18 23:07:16] [INFO] StationLoader - ✅ Loaded 42 stations successfully!
[2025-09-18 23:07:16] [INFO] Main - 🚉 Station data loaded successfully at application startup.
[2025-09-18 23:07:16] [INFO] Main - ✅ Application started successfully.
[2025-09-18 23:07:33] [INFO] Main - Admin attempting to login.
[2025-09-18 23:07:38] [INFO] AdminService - Admin login attempt for username: admin
[2025-09-18 23:07:38] [WARN] Validator - Invalid admin credentials: admin
[2025-09-18 23:07:38] [WARN] AdminService - Admin login failed for 'admin': ❌ Invalid Admin credentials. Access denied!
[2025-09-18 23:07:41] [WARN] Main - ⚠️ Invalid number format entered in menu selection.
[2025-09-18 23:07:41] [WARN] Main - ⚠️ Invalid option entered in Main Menu.
[2025-09-18 23:07:49] [INFO] Main - Admin attempting to login.
[2025-09-18 23:07:53] [INFO] AdminService - Admin login attempt for username: admin
[2025-09-18 23:07:53] [INFO] AdminService - Admin 'admin' logged in successfully
[2025-09-18 23:07:53] [INFO] AdminService - Entered Admin Dashboard menu
[2025-09-18 23:07:57] [INFO] AdminService - Viewing all users
[2025-09-18 23:07:57] [INFO] AdminService - Fetching all registered users
[2025-09-18 23:07:57] [INFO] AdminService - Total users displayed: 1
